

               Precipitation-Runoff Modeling System (PRMS)
                    Based on Version 4.0.2 08/15/2016


The following PRMS modules are available:

     Process                   Modules
-------------------------------------------------------------------
  Basin Definition: basin
    Cascading Flow: cascade
  Time Series Data: obs
   Potet Solar Rad: soltab
  Temperature Dist: temp_1sta, temp_laps, temp_dist2, climate_hru
       Precip Dist: precip_1sta, precip_laps, precip_dist2,
                    climate_hru
Temp & Precip Dist: xyz_dist, ide_dist
    Solar Rad Dist: ccsolrad, ddsolrad, climate_hru
Transpiration Dist: transp_tindex, climate_hru, transp_frost
      Potential ET: potet_hamon, potet_jh, potet_pan, climate_hru,
                    potet_hs, potet_pt, potet_pm, potet_pm_sta
      Interception: intcp
     Snow Dynamics: snowcomp
    Surface Runoff: srunoff_smidx, srunoff_carea
         Soil Zone: soilzone
       Groundwater: gwflow
Streamflow Routing: strmflow, strmflow_in_out, muskingum
    Output Summary: basin_sum, subbasin, map_results, nhru_summary
     Preprocessing: write_climate_hru, frost_date
-------------------------------------------------------------------


PRMS modules listed in the order in which they are called:

        Process                  Module (source code version)
====================================================================
GSFLOW Computation Order         gsflow_prms.f90          2016-09-12    
Basin Definition                 basin.f90                2016-05-10    
Cascading Flow                   cascade.f90              2016-07-19    
Common States and Fluxes         climateflow.f90          2016-07-22    
Potential Solar Radiation        soltab.f90               2016-15-10    
PRMS Set Time Variables          prms_time.f90            2015-03-31    
Time Series Data                 obs.f90                  2016-04-15    
Temperature Distribution         temp_laps.f90            2016-05-12    
Precipitation Distribution       precip_1sta.f90          2016-05-10    
Solar Radiation Distribution     ddsolrad.f90             2015-09-14    
Transpiration Distribution       transp_tindex.f90        2015-01-06    
Potential Evapotranspiration     potet_jh.f90             2016-05-10    
Canopy Interception              intcp.f90                2016-07-06    
Snow Dynamics                    snowcomp.f90             2016-06-16    
Surface Runoff                   srunoff_smidx.f90        2016-06-16    
Soil Zone Computations           soilzone.f90             2016-07-18    
Groundwater                      gwflow.f90               2016-06-01    
Streamflow Routing               strmflow.f90             2014-12-02    
Summary                          basin_sum.f90            2016-06-16    
Output Summary                   map_results.f90          2016-05-12    
Output Summary                   subbasin.f90             2016-03-23    
====================================================================


 Surface Water and Energy Budgets Simulated by Version 4.0.2 08/15/2016
 Start time: 2069/10/01 00:00:00
 End time:   2092/09/30 00:00:00
 Sum of HRU areas:    92277.77; Active basin area:    41576.39
 Fraction impervious:   0.0040; Fraction pervious:      0.9915




   Year Month Day   Precip     ET    Storage S-Runoff M-Runoff
                  (inches) (inches) (inches) (inches) (inches)
 -------------------------------------------------------------
 initial                               1.509
   2070             56.759   24.265    0.852   31.630    0.209
   2071             56.759   23.843    0.797   31.438    0.209
   2072             56.472   23.308    0.722   31.690    0.210
   2073             56.759   23.834    0.689   31.427    0.209
   2074             44.830   25.509    0.463   18.504    0.209
   2075             28.788   21.716   -0.045    7.112    0.209
   2076             46.217   24.433    0.169   20.484    0.210
   2077             79.057   27.488    0.428   48.847    0.209
   2078             25.956   19.461   -0.420    6.937    0.209
   2079             53.254   27.737   -0.064   23.925    0.209
   2080             47.289   22.360   -0.275   23.873    0.210
   2081             48.968   25.109   -0.417   22.699    0.209
   2082             50.584   23.673   -0.603   25.778    0.209
   2083             41.526   24.533   -0.799   16.280    0.209
   2084             45.970   21.151   -0.777   23.559    0.210
   2085             62.973   24.190   -0.843   37.097    0.209
   2086             34.073   22.207   -1.213   11.529    0.209
   2087             54.278   24.410   -0.828   28.079    0.209
   2088             39.910   26.084   -1.566   13.739    0.210
   2089             40.138   22.512   -1.666   16.759    0.209
   2090             38.862   20.938   -1.785   17.130    0.209
   2091             56.595   25.451   -1.548   29.494    0.209
   2092             22.231   19.081   -2.513    3.807    0.210
 *************************************************************
 Total for run    1088.249  543.292   -2.513  521.817    4.809
 *************************************************************
