
               Precipitation-Runoff Modeling System (PRMS)
                       Version 4.0.3 06/01/2017

        Process            Available Modules
--------------------------------------------------------------------
  Basin Definition: basin
    Cascading Flow: cascade
  Time Series Data: obs
   Potet Solar Rad: soltab
  Temperature Dist: temp_1sta, temp_laps, temp_dist2, climate_hru
       Precip Dist: precip_1sta, precip_laps, precip_dist2,
                    climate_hru
Temp & Precip Dist: xyz_dist, ide_dist
    Solar Rad Dist: ccsolrad, ddsolrad, climate_hru
Transpiration Dist: transp_tindex, climate_hru, transp_frost
      Potential ET: potet_hamon, potet_jh, potet_pan, climate_hru,
                    potet_hs, potet_pt, potet_pm, potet_pm_sta
      Interception: intcp
     Snow Dynamics: snowcomp
    Surface Runoff: srunoff_smidx, srunoff_carea
         Soil Zone: soilzone
       Groundwater: gwflow
Streamflow Routing: strmflow, strmflow_in_out, muskingum
    Output Summary: basin_sum, subbasin, map_results, nhru_summary
                    nsub_summary, basin_summary, water_balance
     Preprocessing: write_climate_hru, frost_date
--------------------------------------------------------------------


    Active modules listed in the order in which they are called

        Process                   Module                Version Date
====================================================================
GSFLOW Computation Order       gsflow_prms                2017-11-14
Basin Definition               basin                      2018-01-23
Cascading Flow                 cascade                    2017-11-08
Common States and Fluxes       climateflow                2018-01-23
Potential Solar Radiation      soltab                     2016-09-09
PRMS Set Time Variables        prms_time                  2015-03-31
Time Series Data               obs                        2017-09-27
Temperature Distribution       temp_laps                  2016-05-12
Precipitation Distribution     precip_1sta                2016-10-21
Solar Radiation Distribution   ddsolrad                   2016-11-03
Transpiration Distribution     transp_tindex              2015-01-06
Potential Evapotranspiration   potet_jh                   2016-05-10
Canopy Interception            intcp                      2017-09-27
Snow Dynamics                  snowcomp                   2018-02-06
Surface Runoff                 srunoff_smidx              2017-11-08
Soil Zone Computations         soilzone                   2018-01-24
Groundwater                    gwflow                     2018-01-18
Streamflow Routing             strmflow                   2014-12-02
Summary                        basin_sum                  2017-10-21
Output Summary                 map_results                2018-01-23
Output Summary                 subbasin                   2017-11-15
====================================================================

Using Control File: westfork_sca.control

Using Parameter File: west_fork_final_sca.param


Start time: 1980/10/01 00:00:00
End time:   2015/09/30 00:00:00


Model domain area:        92277.77    Active basin area:     41576.39
Fraction impervious:        0.0040    Fraction pervious:       0.9915
Lake area:                187.5000    Fraction lakes:          0.0045




   Year Month Day   Precip     ET    Storage S-Runoff M-Runoff
                  (inches) (inches) (inches) (inches) (inches)
 -------------------------------------------------------------
 initial                               1.509
   1981             32.810   19.525    3.244   11.061   12.570
   1982             76.936   22.991   12.604   42.812   39.492
   1983             83.496   21.803   17.049   55.089   50.910
   1984             49.806   23.843    6.932   34.915   34.051
   1985             39.745   20.989    6.287   18.743   17.403
   1986             50.684   21.845    7.366   26.722   35.072
   1987             22.705   18.058    3.553    8.160   10.617
   1988             28.239   18.388    4.085    8.937    8.435
   1989             44.020   20.299    8.572   18.453   18.311
   1990             30.726   22.111    5.747   11.008   10.419
   1991             31.546   20.795    5.889   10.136   11.389
   1992             30.377   20.812    4.891   10.108    8.212
   1993             54.187   20.843    7.236   29.778   27.124
   1994             27.561   19.191    5.244    9.996    8.197
   1995             72.961   20.536   11.772   44.095   46.428
   1996             48.528   21.622    7.782   29.698   29.754
   1997             53.851   20.473    7.453   32.476   38.093
   1998             56.530   20.257   11.507   31.002   32.887
   1999             43.350   20.605    8.060   25.190   26.643
   2000             42.891   21.509    7.509   21.093   17.703
   2001             29.781   18.798    5.866   12.115   10.153
   2002             35.754   19.954    6.423   14.593   15.614
   2003             38.338   21.035    6.901   16.110   18.732
   2004             33.401   18.109    6.253   15.316   14.242
   2005             51.822   21.463    8.329   27.139   23.451
   2006             54.188   21.605    8.280   31.360   32.681
   2007             26.573   19.020    5.968    9.535   10.178
   2008             29.535   18.779    5.883   10.367   11.289
   2009             39.989   20.622    7.084   17.407   16.259
   2010             41.310   20.191    8.080   19.315   19.603
   2011             66.273   22.769   12.334   37.702   34.559
   2012             23.848   18.855    6.496   10.532   11.993
   2013             29.024   19.234    6.442    9.485   13.763
   2014             30.531   21.642    8.057    7.011    8.791
   2015             25.936   22.634    6.364    4.812    6.373
 *************************************************************
 Total for run    1477.251  721.205    6.364  722.273  731.388
 *************************************************************
Execution elapsed time    1 minutes 36.82 seconds

