

               Precipitation-Runoff Modeling System (PRMS)
                    Based on Version 4.0.2 08/15/2016


The following PRMS modules are available:

     Process                   Modules
-------------------------------------------------------------------
  Basin Definition: basin
    Cascading Flow: cascade
  Time Series Data: obs
   Potet Solar Rad: soltab
  Temperature Dist: temp_1sta, temp_laps, temp_dist2, climate_hru
       Precip Dist: precip_1sta, precip_laps, precip_dist2,
                    climate_hru
Temp & Precip Dist: xyz_dist, ide_dist
    Solar Rad Dist: ccsolrad, ddsolrad, climate_hru
Transpiration Dist: transp_tindex, climate_hru, transp_frost
      Potential ET: potet_hamon, potet_jh, potet_pan, climate_hru,
                    potet_hs, potet_pt, potet_pm, potet_pm_sta
      Interception: intcp
     Snow Dynamics: snowcomp
    Surface Runoff: srunoff_smidx, srunoff_carea
         Soil Zone: soilzone
       Groundwater: gwflow
Streamflow Routing: strmflow, strmflow_in_out, muskingum
    Output Summary: basin_sum, subbasin, map_results, nhru_summary
     Preprocessing: write_climate_hru, frost_date
-------------------------------------------------------------------


PRMS modules listed in the order in which they are called:

        Process                  Module (source code version)
====================================================================
GSFLOW Computation Order         gsflow_prms.f90          2016-09-12    
Basin Definition                 basin.f90                2016-05-10    
Cascading Flow                   cascade.f90              2016-07-19    
Common States and Fluxes         climateflow.f90          2016-07-22    
Potential Solar Radiation        soltab.f90               2016-15-10    
PRMS Set Time Variables          prms_time.f90            2015-03-31    
Time Series Data                 obs.f90                  2016-04-15    
Temperature Distribution         temp_laps.f90            2016-05-12    
Precipitation Distribution       precip_1sta.f90          2016-05-10    
Solar Radiation Distribution     ddsolrad.f90             2015-09-14    
Transpiration Distribution       transp_tindex.f90        2015-01-06    
Potential Evapotranspiration     potet_jh.f90             2016-05-10    
Canopy Interception              intcp.f90                2016-07-06    
Snow Dynamics                    snowcomp.f90             2016-06-16    
Surface Runoff                   srunoff_smidx.f90        2016-06-16    
Soil Zone Computations           soilzone.f90             2016-07-18    
Groundwater                      gwflow.f90               2016-06-01    
Streamflow Routing               strmflow.f90             2014-12-02    
Summary                          basin_sum.f90            2016-06-16    
Output Summary                   map_results.f90          2016-05-12    
Output Summary                   subbasin.f90             2016-03-23    
====================================================================


 Surface Water and Energy Budgets Simulated by Version 4.0.2 08/15/2016
 Start time: 1980/10/01 00:00:00
 End time:   2015/09/30 00:00:00
 Sum of HRU areas:    92277.77; Active basin area:    41576.39
 Fraction impervious:   0.0040; Fraction pervious:      0.9915




   Year Month Day   Precip     ET    Storage S-Runoff M-Runoff
                  (inches) (inches) (inches) (inches) (inches)
 -------------------------------------------------------------
 initial                               1.509
   1981             32.810   21.702    1.123   10.716   12.570
   1982             76.936   22.700    6.692   46.085   39.492
   1983             83.496   24.548    7.982   54.627   50.910
   1984             49.806   23.255    2.017   30.699   34.051
   1985             39.745   19.794    2.778   18.054   17.403
   1986             50.684   20.827    3.496   27.521   35.072
   1987             22.705   18.918    1.409    5.424   10.617
   1988             28.239   19.410    1.572    8.082    8.435
   1989             44.020   21.959    4.440   18.065   18.311
   1990             30.726   23.163    2.430    8.876   10.419
   1991             31.546   21.582    2.392    9.330   11.389
   1992             30.377   20.043    1.734   10.262    8.212
   1993             54.187   22.689    2.482   29.033   27.124
   1994             27.561   19.609    2.059    7.764    8.197
   1995             72.961   24.629    3.955   43.951   46.428
   1996             48.528   22.408    2.628   25.790   29.754
   1997             53.851   19.603    2.305   32.793   38.093
   1998             56.530   22.502    5.307   29.253   32.887
   1999             43.350   20.933    2.934   23.354   26.643
   2000             42.891   22.079    3.069   19.446   17.703
   2001             29.781   18.029    2.460   11.580   10.153
   2002             35.754   19.015    2.480   15.714   15.614
   2003             38.338   20.570    2.935   16.247   18.732
   2004             33.401   17.409    2.262   15.684   14.242
   2005             51.822   23.135    3.403   25.907   23.451
   2006             54.188   20.877    2.933   31.868   32.681
   2007             26.573   19.352    2.296    7.270   10.178
   2008             29.535   18.730    2.271   10.148   11.289
   2009             39.989   21.316    2.670   17.147   16.259
   2010             41.310   21.584    2.993   18.188   19.603
   2011             66.273   27.693    4.172   35.240   34.559
   2012             23.848   18.528    2.392    6.550   11.993
   2013             29.024   18.455    2.323    9.915   13.763
   2014             30.531   21.792    3.476    7.024    8.791
   2015             25.936   22.918    2.187    3.955    6.373
 *************************************************************
 Total for run    1477.251  741.759    2.187  691.561  731.388
 *************************************************************
