
               Precipitation-Runoff Modeling System (PRMS)
                       Version 4.0.3 06/01/2017

        Process            Available Modules
--------------------------------------------------------------------
  Basin Definition: basin
    Cascading Flow: cascade
  Time Series Data: obs
   Potet Solar Rad: soltab
  Temperature Dist: temp_1sta, temp_laps, temp_dist2, climate_hru
       Precip Dist: precip_1sta, precip_laps, precip_dist2,
                    climate_hru
Temp & Precip Dist: xyz_dist, ide_dist
    Solar Rad Dist: ccsolrad, ddsolrad, climate_hru
Transpiration Dist: transp_tindex, climate_hru, transp_frost
      Potential ET: potet_hamon, potet_jh, potet_pan, climate_hru,
                    potet_hs, potet_pt, potet_pm, potet_pm_sta
      Interception: intcp
     Snow Dynamics: snowcomp
    Surface Runoff: srunoff_smidx, srunoff_carea
         Soil Zone: soilzone
       Groundwater: gwflow
Streamflow Routing: strmflow, strmflow_in_out, muskingum
    Output Summary: basin_sum, subbasin, map_results, nhru_summary
                    nsub_summary, basin_summary, water_balance
     Preprocessing: write_climate_hru, frost_date
--------------------------------------------------------------------


    Active modules listed in the order in which they are called

        Process                   Module                Version Date
====================================================================
GSFLOW Computation Order       gsflow_prms                2017-11-14
Basin Definition               basin                      2018-01-23
Cascading Flow                 cascade                    2017-11-08
Common States and Fluxes       climateflow                2018-01-23
Potential Solar Radiation      soltab                     2016-09-09
PRMS Set Time Variables        prms_time                  2015-03-31
Time Series Data               obs                        2017-09-27
Temperature Distribution       temp_laps                  2016-05-12
Precipitation Distribution     precip_1sta                2016-10-21
Solar Radiation Distribution   ddsolrad                   2016-11-03
Transpiration Distribution     transp_tindex              2015-01-06
Potential Evapotranspiration   potet_jh                   2016-05-10
Canopy Interception            intcp                      2017-09-27
Snow Dynamics                  snowcomp                   2018-02-06
Surface Runoff                 srunoff_smidx              2017-11-08
Soil Zone Computations         soilzone                   2018-01-24
Groundwater                    gwflow                     2018-01-18
Streamflow Routing             strmflow                   2014-12-02
Summary                        basin_sum                  2017-10-21
Output Summary                 subbasin                   2017-11-15
====================================================================

Using Control File: eastfork_hifreq.control

Using Parameter File: east_fork.param


Start time: 2069/10/01 00:00:00
End time:   2092/09/30 00:00:00


Model domain area:       500305.54    Active basin area:    228756.94
Fraction impervious:        0.0017    Fraction pervious:       0.9983




   Year Month Day   Precip     ET    Storage S-Runoff M-Runoff
                  (inches) (inches) (inches) (inches) (inches)
 -------------------------------------------------------------
 initial                               0.144
   2070             34.711   20.383    0.776   13.696    0.038
   2071             34.711   20.358    0.781   14.349    0.038
   2072             34.711   20.397    0.775   14.320    0.038
   2073             34.711   20.360    0.781   14.345    0.038
   2074             46.386   25.062    1.027   21.077    0.038
   2075             26.144   20.457    0.786    5.928    0.038
   2076             45.896   24.000    1.329   21.353    0.038
   2077             63.556   26.804    1.109   36.972    0.038
   2078             24.132   18.727    0.493    6.020    0.038
   2079             49.677   28.788    1.030   20.353    0.038
   2080             42.022   22.526    1.039   19.488    0.038
   2081             32.331   22.002    0.868   10.500    0.038
   2082             49.505   22.127    0.883   27.362    0.038
   2083             43.191   24.675    0.947   18.452    0.038
   2084             37.619   20.683    0.868   17.015    0.038
   2085             57.708   23.362    0.935   34.280    0.038
   2086             33.083   21.007    0.736   12.275    0.038
   2087             54.468   25.992    1.772   27.440    0.038
   2088             40.827   23.852    0.688   18.059    0.038
   2089             35.865   22.225    0.736   13.592    0.038
   2090             26.556   17.449    0.601    9.241    0.038
   2091             58.718   27.427    1.343   30.549    0.038
   2092             17.933   15.769    0.389    3.119    0.038
 *************************************************************
 Total for run     924.463  514.431    0.389  409.787    0.874
 *************************************************************
Execution elapsed time    5 minutes 20.41 seconds

