


                         U.S. Geological Survey
               Precipitation-Runoff Modeling System (PRMS)
              Version 4.0.2 08/15/2016 Tag: 08-15 13:54:00Z          


The following modules are available:

     Process                   Modules
--------------------------------------------------------------------------
  Basin Definition: basin
    Cascading Flow: cascade
  Time Series Data: obs
   Potet Solar Rad: soltab
  Temperature Dist: temp_1sta, temp_laps, temp_dist2, climate_hru
       Precip Dist: precip_1sta, precip_laps, precip_dist2,
                    climate_hru
Temp & Precip Dist: xyz_dist, ide_dist
    Solar Rad Dist: ccsolrad, ddsolrad, climate_hru
Transpiration Dist: transp_tindex, climate_hru, transp_frost
      Potential ET: potet_hamon, potet_jh, potet_pan, climate_hru,
                    potet_hs, potet_pt, potet_pm
      Interception: intcp
     Snow Dynamics: snowcomp
    Surface Runoff: srunoff_smidx, srunoff_carea
         Soil Zone: soilzone
       Groundwater: gwflow
Streamflow Routing: strmflow, strmflow_in_out, muskingum, strmflow_lake
    Output Summary: basin_sum, subbasin, map_results, prms_summary,
                    nhru_summary, water_balance
     Preprocessing: write_climate_hru, frost_date
--------------------------------------------------------------------------


Active modules listed in the order in which they are called:

        Process                       Module            Version Date
====================================================================
Computation Order                call_modules.f90         2016-08-15    
Basin Definition                 basin.f90                2016-05-10    
Cascading Flow                   cascade.f90              2016-07-19    
Common States and Fluxes         climateflow.f90          2016-07-22    
Potential Solar Radiation        soltab.f90               2016-15-10    
PRMS Set Time Variables          prms_time.f90            2015-03-31    
Time Series Data                 obs.f90                  2016-04-15    
Temperature Distribution         temp_laps.f90            2016-05-12    
Precipitation Distribution       precip_1sta.f90          2016-05-10    
Solar Radiation Distribution     ddsolrad.f90             2015-09-14    
Transpiration Distribution       transp_tindex.f90        2015-01-06    
Potential Evapotranspiration     potet_jh.f90             2016-05-10    
Canopy Interception              intcp.f90                2016-07-06    
Snow Dynamics                    snowcomp.f90             2016-06-16    
Surface Runoff                   srunoff_smidx.f90        2016-06-16    
Soil Zone Computations           soilzone.f90             2016-07-18    
Groundwater                      gwflow.f90               2016-06-01    
Streamflow Routing               strmflow.f90             2014-12-02    
Summary                          basin_sum.f90            2016-06-16    
Output Summary                   subbasin.f90             2016-07-11    
====================================================================


 Start time: 1980/10/01 00:00:00
 End time:   2015/09/30 00:00:00
 Sum of HRU areas:   500305.54; Active basin area:   228756.94
 Fraction impervious:   0.0017; Fraction pervious:      0.9983




   Year Month Day   Precip     ET    Storage S-Runoff M-Runoff
                  (inches) (inches) (inches) (inches) (inches)
 -------------------------------------------------------------
 initial                               0.144
   1981             30.311   22.494    0.497    7.464    2.285
   1982             69.477   32.152    3.037   34.786    7.178
   1983             75.462   35.586    3.171   39.741    9.253
   1984             44.080   27.454    0.430   19.367    6.189
   1985             35.128   24.809    1.053    9.696    3.163
   1986             45.406   25.848    1.312   19.299    6.374
   1987             20.845   18.704    0.143    3.310    1.930
   1988             25.595   21.094    0.269    4.376    1.533
   1989             39.998   26.632    1.801   11.834    3.328
   1990             27.559   23.764    0.635    4.962    1.894
   1991             29.161   22.477    0.623    6.695    2.070
   1992             26.920   21.418    0.337    5.787    1.493
   1993             49.493   29.045    0.326   20.459    4.930
   1994             25.137   20.744    0.391    4.328    1.490
   1995             67.075   35.154    0.991   31.320    8.438
   1996             44.612   28.442    0.295   16.866    5.408
   1997             47.998   25.996    0.260   22.038    6.923
   1998             51.207   29.532    1.681   20.253    5.977
   1999             39.621   26.606    0.482   14.214    4.842
   2000             39.058   26.689    0.587   12.263    3.217
   2001             27.598   20.953    0.484    6.748    1.845
   2002             32.543   23.466    0.219    9.342    2.838
   2003             35.228   25.748    0.411    9.289    3.404
   2004             30.503   21.392    0.178    9.343    2.589
   2005             46.868   29.930    0.507   16.609    4.262
   2006             50.517   28.842    0.323   21.859    5.940
   2007             24.251   20.476    0.231    3.867    1.850
   2008             26.925   21.368    0.175    5.613    2.052
   2009             36.510   25.401    0.222   11.061    2.955
   2010             37.994   27.136    0.304   10.775    3.563
   2011             59.436   35.026    0.764   23.950    6.281
   2012             22.173   19.020    0.155    3.762    2.180
   2013             25.998   20.367    0.194    5.592    2.501
   2014             27.317   21.910    0.788    4.813    1.598
   2015             22.923   20.868    0.168    2.675    1.158
 *************************************************************
 Total for run    1340.924  886.546    0.168  454.354  132.929
 *************************************************************
