
               Precipitation-Runoff Modeling System (PRMS)
                       Version 4.0.3 06/01/2017

        Process            Available Modules
--------------------------------------------------------------------
  Basin Definition: basin
    Cascading Flow: cascade
  Time Series Data: obs
   Potet Solar Rad: soltab
  Temperature Dist: temp_1sta, temp_laps, temp_dist2, climate_hru
       Precip Dist: precip_1sta, precip_laps, precip_dist2,
                    climate_hru
Temp & Precip Dist: xyz_dist, ide_dist
    Solar Rad Dist: ccsolrad, ddsolrad, climate_hru
Transpiration Dist: transp_tindex, climate_hru, transp_frost
      Potential ET: potet_hamon, potet_jh, potet_pan, climate_hru,
                    potet_hs, potet_pt, potet_pm, potet_pm_sta
      Interception: intcp
     Snow Dynamics: snowcomp
    Surface Runoff: srunoff_smidx, srunoff_carea
         Soil Zone: soilzone
       Groundwater: gwflow
Streamflow Routing: strmflow, strmflow_in_out, muskingum
    Output Summary: basin_sum, subbasin, map_results, nhru_summary
                    nsub_summary, basin_summary, water_balance
     Preprocessing: write_climate_hru, frost_date
--------------------------------------------------------------------


    Active modules listed in the order in which they are called

        Process                   Module                Version Date
====================================================================
GSFLOW Computation Order       gsflow_prms                2017-11-14
Basin Definition               basin                      2018-01-23
Cascading Flow                 cascade                    2017-11-08
Common States and Fluxes       climateflow                2018-01-23
Potential Solar Radiation      soltab                     2016-09-09
PRMS Set Time Variables        prms_time                  2015-03-31
Time Series Data               obs                        2017-09-27
Temperature Distribution       temp_laps                  2016-05-12
Precipitation Distribution     precip_1sta                2016-10-21
Solar Radiation Distribution   ddsolrad                   2016-11-03
Transpiration Distribution     transp_tindex              2015-01-06
Potential Evapotranspiration   potet_jh                   2016-05-10
Canopy Interception            intcp                      2017-09-27
Snow Dynamics                  snowcomp                   2018-02-06
Surface Runoff                 srunoff_smidx              2017-11-08
Soil Zone Computations         soilzone                   2018-01-24
Groundwater                    gwflow                     2018-01-18
Streamflow Routing             strmflow                   2014-12-02
Summary                        basin_sum                  2017-10-21
Output Summary                 subbasin                   2017-11-15
====================================================================

Using Control File: westfork_hifreq.control

Using Parameter File: west_fork.param


Start time: 2069/10/01 00:00:00
End time:   2092/09/30 00:00:00


Model domain area:        92277.77    Active basin area:     41576.39
Fraction impervious:        0.0040    Fraction pervious:       0.9915
Lake area:                187.5000    Fraction lakes:          0.0045




   Year Month Day   Precip     ET    Storage S-Runoff M-Runoff
                  (inches) (inches) (inches) (inches) (inches)
 -------------------------------------------------------------
 initial                               1.509
   2070             38.152   17.416    2.677   18.846    0.209
   2071             38.152   17.004    2.829   20.266    0.209
   2072             38.152   17.073    2.829   20.353    0.210
   2073             38.152   17.005    2.841   20.406    0.209
   2074             49.481   19.985    3.704   27.533    0.209
   2075             28.630   20.228    2.487    9.323    0.209
   2076             50.725   20.858    3.925   27.375    0.210
   2077             70.164   21.673    4.403   46.232    0.209
   2078             26.020   18.126    2.243    9.752    0.209
   2079             54.989   24.723    3.970   27.475    0.209
   2080             45.274   17.223    3.810   27.221    0.210
   2081             35.235   20.809    3.547   14.193    0.209
   2082             54.039   19.702    3.517   33.091    0.209
   2083             46.487   20.012    3.814   25.225    0.209
   2084             40.693   16.634    3.511   23.540    0.210
   2085             63.015   19.586    4.034   41.311    0.209
   2086             35.823   18.847    3.490   16.922    0.209
   2087             60.130   20.452    5.409   36.437    0.209
   2088             45.374   23.450    3.388   23.081    0.210
   2089             38.708   19.662    3.097   18.646    0.209
   2090             29.270   15.918    2.671   13.277    0.209
   2091             63.740   20.746    4.772   39.367    0.209
   2092             18.887   16.878    1.982    4.705    0.210
 *************************************************************
 Total for run    1009.293  444.010    1.982  544.575    4.809
 *************************************************************
Execution elapsed time    0 minutes 40.16 seconds

