

               Precipitation-Runoff Modeling System (PRMS)
                    Based on Version 4.0.2 08/15/2016


The following PRMS modules are available:

     Process                   Modules
-------------------------------------------------------------------
  Basin Definition: basin
    Cascading Flow: cascade
  Time Series Data: obs
   Potet Solar Rad: soltab
  Temperature Dist: temp_1sta, temp_laps, temp_dist2, climate_hru
       Precip Dist: precip_1sta, precip_laps, precip_dist2,
                    climate_hru
Temp & Precip Dist: xyz_dist, ide_dist
    Solar Rad Dist: ccsolrad, ddsolrad, climate_hru
Transpiration Dist: transp_tindex, climate_hru, transp_frost
      Potential ET: potet_hamon, potet_jh, potet_pan, climate_hru,
                    potet_hs, potet_pt, potet_pm, potet_pm_sta
      Interception: intcp
     Snow Dynamics: snowcomp
    Surface Runoff: srunoff_smidx, srunoff_carea
         Soil Zone: soilzone
       Groundwater: gwflow
Streamflow Routing: strmflow, strmflow_in_out, muskingum
    Output Summary: basin_sum, subbasin, map_results, nhru_summary
     Preprocessing: write_climate_hru, frost_date
-------------------------------------------------------------------


PRMS modules listed in the order in which they are called:

        Process                  Module (source code version)
====================================================================
GSFLOW Computation Order         gsflow_prms.f90          2016-09-12    
Basin Definition                 basin.f90                2016-05-10    
Cascading Flow                   cascade.f90              2016-07-19    
Common States and Fluxes         climateflow.f90          2016-07-22    
Potential Solar Radiation        soltab.f90               2016-15-10    
PRMS Set Time Variables          prms_time.f90            2015-03-31    
Time Series Data                 obs.f90                  2016-04-15    
Temperature Distribution         temp_laps.f90            2016-05-12    
Precipitation Distribution       precip_1sta.f90          2016-05-10    
Solar Radiation Distribution     ddsolrad.f90             2015-09-14    
Transpiration Distribution       transp_tindex.f90        2015-01-06    
Potential Evapotranspiration     potet_jh.f90             2016-05-10    
Canopy Interception              intcp.f90                2016-07-06    
Snow Dynamics                    snowcomp.f90             2016-06-16    
Surface Runoff                   srunoff_smidx.f90        2016-06-16    
Soil Zone Computations           soilzone.f90             2016-07-18    
Groundwater                      gwflow.f90               2016-06-01    
Streamflow Routing               strmflow.f90             2014-12-02    
Summary                          basin_sum.f90            2016-06-16    
Output Summary                   map_results.f90          2016-05-12    
Output Summary                   subbasin.f90             2016-03-23    
====================================================================


 Surface Water and Energy Budgets Simulated by Version 4.0.2 08/15/2016
 Start time: 2008/10/01 00:00:00
 End time:   2024/09/29 00:00:00
 Sum of HRU areas:    92277.77; Active basin area:    41576.39
 Fraction impervious:   0.0040; Fraction pervious:      0.9915




   Year Month Day   Precip     ET    Storage S-Runoff M-Runoff
                  (inches) (inches) (inches) (inches) (inches)
 -------------------------------------------------------------
 initial                               1.509
   2009             39.989   20.516    1.906   17.945   16.259
   2010             41.310   20.574    2.412   19.020   19.603
   2011             66.273   25.331    4.334   36.799   34.559
   2012             23.848   17.786    1.514    8.243   11.993
   2013             29.024   17.665    1.557   10.577   13.763
   2014             30.531   20.730    2.790    7.993    8.791
   2015             25.954   22.105    1.391    4.833    6.373
   2016             22.708   17.590    1.046    5.049   10.624
   2017             28.249   18.439    1.281    8.941    8.428
   2018             44.020   20.607    4.283   19.258   18.311
   2019             30.726   22.445    2.273    9.572   10.419
   2020             31.592   20.770    2.216   10.185   11.396
   2021             30.379   19.229    1.545   11.076    8.205
   2022             54.187   21.174    2.360   30.438   27.124
   2023             27.561   18.587    1.897    8.779    8.197
 *************************************************************
 Total for run     599.046  325.486    3.589  255.204  260.473
 *************************************************************
