
Mon Aug 27 2018 15:24: processing information contained in TSPROC input file tsproc.in....

 Processing SETTINGS block....
    context pest_prep
    DATE_FORMAT mm/dd/yyyy
    Processing of SETTINGS block complete.

 Processing GET_MUL_SERIES_SSF block....
    context all
    FILE .\WstFrk_obs_streamflow.txt
    DATE_1 04/19/1989
    TIME_1 00:00:00
    DATE_2 03/11/2015
    TIME_2 00:00:00
    SITE 10310000
    NEW_SERIES_NAME wstfrk_daily_obs
    Reading site sample file .\WstFrk_obs_streamflow.txt....
    Series "wstfrk_daily_obs" successfully imported from file .\WstFrk_obs_streamflow.txt

 Processing GET_MUL_SERIES_STATVAR block....
    context all
    FILE .\WstFrk_statvar_sca.dat
    VARIABLE_NAME basin_cfs
    LOCATION_ID 1
    NEW_SERIES_NAME wstfrk_daily_sim
    DATE_1 04/19/1989
    TIME_1 00:00:00
    DATE_2 03/11/2015
    TIME_2 00:00:00
    Reading STATVAR file .\WstFrk_statvar_sca.dat....

'29'

'basin_gwflow_cfs 1'

'basin_sroff_cfs 1'

'basin_ssflow_cfs 1'

'basin_cfs 1'

'basin_potet 1'

'basin_ppt 1'

'basin_snow 1'

'swrad 7194'

'basin_snowdepth 1'

'basin_ssflow_cfs 1'

'basin_stflow_out 1'

'gwres_flow 13288'

'basin_pweqv 1'

'tmaxf 12966'

'tmaxf 10667'

'tmaxf 1554'

'pk_depth 10667'

'pk_depth 1554'

'pkwater_equiv 10667'

'pkwater_equiv 1554'

'hru_ppt 10667'

'hru_ppt 1554'

'basin_dunnian 1'

'hru_ppt 5717'

'tminf 10667'

'tminf 1554'

'subinc_snowcov 1'

'subinc_snowcov 2'

'subinc_snowcov 3'
    Series "wstfrk_daily_sim" successfully imported from file .\WstFrk_statvar_sca.dat

 Processing SERIES_COMPARE block....
    context all
    SERIES_NAME_SIM wstfrk_daily_sim
    SERIES_NAME_OBS wstfrk_daily_obs
    NEW_C_TABLE_NAME compare_series
    BIAS yes
    STANDARD_ERROR yes
    RELATIVE_BIAS yes
    RELATIVE_STANDARD_ERROR yes
    NASH_SUTCLIFFE yes
    COEFFICIENT_OF_EFFICIENCY yes
    INDEX_OF_AGREEMENT yes
    VOLUMETRIC_EFFICIENCY yes
    EXPONENT 1
    Comparison statistics stored in C_TABLE "compare_series".

 Processing LIST_OUTPUT block....
    context all
    FILE WstFrk_Processed_Output_streamflow.txt
    C_TABLE_NAME compare_series
    Writing output file WstFrk_Processed_Output_streamflow.txt....
    File WstFrk_Processed_Output_streamflow.txt written ok.

 - no more blocks to process.
