

               Precipitation-Runoff Modeling System (PRMS)
                    Based on Version 4.0.2 08/15/2016


The following PRMS modules are available:

     Process                   Modules
-------------------------------------------------------------------
  Basin Definition: basin
    Cascading Flow: cascade
  Time Series Data: obs
   Potet Solar Rad: soltab
  Temperature Dist: temp_1sta, temp_laps, temp_dist2, climate_hru
       Precip Dist: precip_1sta, precip_laps, precip_dist2,
                    climate_hru
Temp & Precip Dist: xyz_dist, ide_dist
    Solar Rad Dist: ccsolrad, ddsolrad, climate_hru
Transpiration Dist: transp_tindex, climate_hru, transp_frost
      Potential ET: potet_hamon, potet_jh, potet_pan, climate_hru,
                    potet_hs, potet_pt, potet_pm, potet_pm_sta
      Interception: intcp
     Snow Dynamics: snowcomp
    Surface Runoff: srunoff_smidx, srunoff_carea
         Soil Zone: soilzone
       Groundwater: gwflow
Streamflow Routing: strmflow, strmflow_in_out, muskingum
    Output Summary: basin_sum, subbasin, map_results, nhru_summary
     Preprocessing: write_climate_hru, frost_date
-------------------------------------------------------------------


PRMS modules listed in the order in which they are called:

        Process                  Module (source code version)
====================================================================
GSFLOW Computation Order         gsflow_prms.f90          2016-09-12    
Basin Definition                 basin.f90                2016-05-10    
Cascading Flow                   cascade.f90              2016-07-19    
Common States and Fluxes         climateflow.f90          2016-07-22    
Potential Solar Radiation        soltab.f90               2016-15-10    
PRMS Set Time Variables          prms_time.f90            2015-03-31    
Time Series Data                 obs.f90                  2016-04-15    
Temperature Distribution         temp_laps.f90            2016-05-12    
Precipitation Distribution       precip_1sta.f90          2016-05-10    
Solar Radiation Distribution     ddsolrad.f90             2015-09-14    
Transpiration Distribution       transp_tindex.f90        2015-01-06    
Potential Evapotranspiration     potet_jh.f90             2016-05-10    
Canopy Interception              intcp.f90                2016-07-06    
Snow Dynamics                    snowcomp.f90             2016-06-16    
Surface Runoff                   srunoff_smidx.f90        2016-06-16    
Soil Zone Computations           soilzone.f90             2016-07-18    
Groundwater                      gwflow.f90               2016-06-01    
Streamflow Routing               strmflow.f90             2014-12-02    
Summary                          basin_sum.f90            2016-06-16    
Output Summary                   map_results.f90          2016-05-12    
Output Summary                   subbasin.f90             2016-03-23    
====================================================================


 Surface Water and Energy Budgets Simulated by Version 4.0.2 08/15/2016
 Start time: 2053/10/01 00:00:00
 End time:   2076/09/29 00:00:00
 Sum of HRU areas:    92277.77; Active basin area:    41576.39
 Fraction impervious:   0.0040; Fraction pervious:      0.9915




   Year Month Day   Precip     ET    Storage S-Runoff M-Runoff
                  (inches) (inches) (inches) (inches) (inches)
 -------------------------------------------------------------
 initial                               1.509
   2054             47.744   28.528    1.112   18.499    0.209
   2055             47.744   28.156    1.063   18.507    0.209
   2056             47.745   28.164    0.997   18.517    0.210
   2057             49.333   28.668    1.043   19.499    0.209
   2058             57.818   28.270    0.844   28.495    0.209
   2059             71.027   32.463    1.420   36.265    0.209
   2060             28.602   22.075    0.263    7.201    0.210
   2061             40.132   24.597    0.500   14.557    0.209
   2062             40.710   26.803    0.247   13.420    0.209
   2063             22.812   18.709   -0.462    4.519    0.209
   2064             41.599   28.790    0.724   10.994    0.210
   2065             70.899   33.900    0.586   35.319    0.209
   2066             58.908   31.299    0.194   26.621    0.209
   2067             35.836   23.533   -0.376   12.088    0.209
   2068             39.469   24.771   -0.572   14.122    0.210
   2069             35.137   22.134   -0.783   12.497    0.209
   2070             67.557   36.036   -0.093   29.326    0.209
   2071             53.053   31.462   -0.230   20.660    0.209
   2072             40.554   21.700   -1.038   18.684    0.210
   2073             39.234   28.364   -1.019   10.238    0.209
   2074             56.460   28.519   -0.785   26.388    0.209
   2075             37.264   23.595   -1.270   13.512    0.209
 *************************************************************
 Total for run    1089.128  632.681   -0.468  435.225    4.809
 *************************************************************
